<?xml version="1.0" encoding="UTF-8" ?>
<testsuite errors="0" failures="1" hostname="Richard-Bones-MacBook-Pro-2.local" name="org.eclipse.lyo.testsuite.server.oslcv2tests.ServiceProviderCatalogRdfXmlTests" tests="12" time="2.606" timestamp="2012-01-26T21:39:52">
  <properties>
    <property name="java.vendor" value="Apple Inc." />
    <property name="sun.java.launcher" value="SUN_STANDARD" />
    <property name="eclipse.pdebuild.templates" value="/Users/rabone/Downloads/jazz/client/eclipse/plugins/org.eclipse.pde.build_3.5.2.R35x_20100114/templates//" />
    <property name="sun.management.compiler" value="HotSpot 64-Bit Tiered Compilers" />
    <property name="os.name" value="Mac OS X" />
    <property name="sun.boot.class.path" value="/System/Library/Java/JavaVirtualMachines/1.6.0.jdk/Contents/Classes/jsfd.jar:/System/Library/Java/JavaVirtualMachines/1.6.0.jdk/Contents/Classes/classes.jar:/System/Library/Frameworks/JavaVM.framework/Frameworks/JavaRuntimeSupport.framework/Resources/Java/JavaRuntimeSupport.jar:/System/Library/Java/JavaVirtualMachines/1.6.0.jdk/Contents/Classes/ui.jar:/System/Library/Java/JavaVirtualMachines/1.6.0.jdk/Contents/Classes/laf.jar:/System/Library/Java/JavaVirtualMachines/1.6.0.jdk/Contents/Classes/sunrsasign.jar:/System/Library/Java/JavaVirtualMachines/1.6.0.jdk/Contents/Classes/jsse.jar:/System/Library/Java/JavaVirtualMachines/1.6.0.jdk/Contents/Classes/jce.jar:/System/Library/Java/JavaVirtualMachines/1.6.0.jdk/Contents/Classes/charsets.jar" />
    <property name="env.TMPDIR" value="/var/folders/7t/7tr2vlh2FvqcNIGefrA10U+++TI/-Tmp-/" />
    <property name="env.APP_ICON_466" value="../Resources/RTC_512.icns" />
    <property name="java.vm.specification.vendor" value="Sun Microsystems Inc." />
    <property name="ant.home" value="/Users/rabone/Downloads/jazz/client/eclipse/plugins/org.apache.ant_1.7.1.v20090120-1145" />
    <property name="java.runtime.version" value="1.6.0_29-b11-402-10M3527" />
    <property name="env.Apple_PubSub_Socket_Render" value="/tmp/launch-xK8xiA/Render" />
    <property name="env.DISPLAY" value="/tmp/launch-ogX6wn/org.x:0" />
    <property name="user.name" value="rabone" />
    <property name="env.USER" value="rabone" />
    <property name="env.SHELL" value="/bin/bash" />
    <property name="env.__CF_USER_TEXT_ENCODING" value="0x1F5:0:0" />
    <property name="awt.nativeDoubleBuffering" value="true" />
    <property name="eclipse_home" value="/Users/rabone/Downloads/jazz/client/eclipse" />
    <property name="env.PATH" value="/usr/bin:/bin:/usr/sbin:/sbin" />
    <property name="user.language" value="en" />
    <property name="sun.boot.library.path" value="/System/Library/Java/JavaVirtualMachines/1.6.0.jdk/Contents/Libraries" />
    <property name="todir" value="junit/RQM" />
    <property name="ant.project.name" value="org.eclipse.lyo.testsuite.server" />
    <property name="java.version" value="1.6.0_29" />
    <property name="user.timezone" value="" />
    <property name="sun.arch.data.model" value="64" />
    <property name="http.nonProxyHosts" value="local|*.local|169.254/16|*.169.254/16" />
    <property name="java.endorsed.dirs" value="/System/Library/Java/JavaVirtualMachines/1.6.0.jdk/Contents/Home/lib/endorsed" />
    <property name="sun.cpu.isalist" value="" />
    <property name="sun.jnu.encoding" value="MacRoman" />
    <property name="file.encoding.pkg" value="sun.io" />
    <property name="ECLIPSE_HOME" value="/Users/rabone/Downloads/jazz/client/eclipse" />
    <property name="file.separator" value="/" />
    <property name="java.specification.name" value="Java Platform API Specification" />
    <property name="java.class.version" value="50.0" />
    <property name="compliance.props" value="/Users/rabone/git/lyo.testsuite/org.eclipse.lyo.testsuite.server/compliance/qm/compliance.props" />
    <property name="user.country" value="US" />
    <property name="java.home" value="/System/Library/Java/JavaVirtualMachines/1.6.0.jdk/Contents/Home" />
    <property name="java.vm.info" value="mixed mode" />
    <property name="env.LOGNAME" value="rabone" />
    <property name="ant.file" value="/Users/rabone/git/lyo.testsuite/org.eclipse.lyo.testsuite.server/compliance/qm/rqm-compliance-test.xml" />
    <property name="os.version" value="10.6.8" />
    <property name="path.separator" value=":" />
    <property name="java.vm.version" value="20.4-b02-402" />
    <property name="ant.library.dir" value="/Users/rabone/Downloads/jazz/client/eclipse/plugins/org.apache.ant_1.7.1.v20090120-1145/lib" />
    <property name="junit.output.dir" value="junit" />
    <property name="java.awt.printerjob" value="apple.awt.CPrinterJob" />
    <property name="sun.io.unicode.encoding" value="UnicodeLittle" />
    <property name="awt.toolkit" value="apple.awt.CToolkit" />
    <property name="socksNonProxyHosts" value="local|*.local|169.254/16|*.169.254/16" />
    <property name="ftp.nonProxyHosts" value="local|*.local|169.254/16|*.169.254/16" />
    <property name="eclipse.pdebuild.scripts" value="/Users/rabone/Downloads/jazz/client/eclipse/plugins/org.eclipse.pde.build_3.5.2.R35x_20100114/scripts//" />
    <property name="user.home" value="/Users/rabone" />
    <property name="target" value="1.6" />
    <property name="java.specification.vendor" value="Sun Microsystems Inc." />
    <property name="env.JAVA_STARTED_ON_FIRST_THREAD_39252" value="1" />
    <property name="env.JAVA_STARTED_ON_FIRST_THREAD_466" value="1" />
    <property name="props" value="config/rqm/rqm-setupv2.properties" />
    <property name="java.library.path" value=".:/Library/Java/Extensions:/System/Library/Java/Extensions:/usr/lib/java:/Users/rabone/Downloads/jazz/client/eclipse/configuration/org.eclipse.osgi/bundles/488/1/.cp" />
    <property name="java.vendor.url" value="http://www.apple.com/" />
    <property name="provider" value="RQM" />
    <property name="java.vm.vendor" value="Apple Inc." />
    <property name="gopherProxySet" value="false" />
    <property name="java.runtime.name" value="Java(TM) SE Runtime Environment" />
    <property name="sun.java.command" value="org.eclipse.ant.internal.ui.antsupport.InternalAntRunner -Dorg.eclipse.ant.core.ANT_PROCESS_ID=1327613989288 -Declipse.connect.port=59888 -Declipse.pdebuild.home=/Users/rabone/Downloads/jazz/client/eclipse/plugins/org.eclipse.pde.build_3.5.2.R35x_20100114/.// -Declipse.pdebuild.scripts=/Users/rabone/Downloads/jazz/client/eclipse/plugins/org.eclipse.pde.build_3.5.2.R35x_20100114/scripts// -Declipse.pdebuild.templates=/Users/rabone/Downloads/jazz/client/eclipse/plugins/org.eclipse.pde.build_3.5.2.R35x_20100114/templates// -Dant.home=/Users/rabone/Downloads/jazz/client/eclipse/plugins/org.apache.ant_1.7.1.v20090120-1145 -logger org.eclipse.ant.internal.ui.antsupport.logger.RemoteAntBuildLogger -inputhandler org.eclipse.ant.internal.ui.antsupport.inputhandler.ProxyInputHandler -buildfile /Users/rabone/git/lyo.testsuite/org.eclipse.lyo.testsuite.server/compliance/qm/rqm-compliance-test.xml build provider-test junitreport" />
    <property name="java.class.path" value="/Users/rabone/Downloads/jazz/client/eclipse/plugins/org.apache.ant_1.7.1.v20090120-1145/lib/ant.jar:/Users/rabone/Downloads/jazz/client/eclipse/plugins/org.apache.ant_1.7.1.v20090120-1145/lib/ant-antlr.jar:/Users/rabone/Downloads/jazz/client/eclipse/plugins/org.apache.ant_1.7.1.v20090120-1145/lib/ant-apache-bcel.jar:/Users/rabone/Downloads/jazz/client/eclipse/plugins/org.apache.ant_1.7.1.v20090120-1145/lib/ant-apache-bsf.jar:/Users/rabone/Downloads/jazz/client/eclipse/plugins/org.apache.ant_1.7.1.v20090120-1145/lib/ant-apache-log4j.jar:/Users/rabone/Downloads/jazz/client/eclipse/plugins/org.apache.ant_1.7.1.v20090120-1145/lib/ant-apache-oro.jar:/Users/rabone/Downloads/jazz/client/eclipse/plugins/org.apache.ant_1.7.1.v20090120-1145/lib/ant-apache-regexp.jar:/Users/rabone/Downloads/jazz/client/eclipse/plugins/org.apache.ant_1.7.1.v20090120-1145/lib/ant-apache-resolver.jar:/Users/rabone/Downloads/jazz/client/eclipse/plugins/org.apache.ant_1.7.1.v20090120-1145/lib/ant-commons-logging.jar:/Users/rabone/Downloads/jazz/client/eclipse/plugins/org.apache.ant_1.7.1.v20090120-1145/lib/ant-commons-net.jar:/Users/rabone/Downloads/jazz/client/eclipse/plugins/org.apache.ant_1.7.1.v20090120-1145/lib/ant-jai.jar:/Users/rabone/Downloads/jazz/client/eclipse/plugins/org.apache.ant_1.7.1.v20090120-1145/lib/ant-javamail.jar:/Users/rabone/Downloads/jazz/client/eclipse/plugins/org.apache.ant_1.7.1.v20090120-1145/lib/ant-jdepend.jar:/Users/rabone/Downloads/jazz/client/eclipse/plugins/org.apache.ant_1.7.1.v20090120-1145/lib/ant-jmf.jar:/Users/rabone/Downloads/jazz/client/eclipse/plugins/org.apache.ant_1.7.1.v20090120-1145/lib/ant-jsch.jar:/Users/rabone/Downloads/jazz/client/eclipse/plugins/org.apache.ant_1.7.1.v20090120-1145/lib/ant-junit.jar:/Users/rabone/Downloads/jazz/client/eclipse/plugins/org.apache.ant_1.7.1.v20090120-1145/lib/ant-launcher.jar:/Users/rabone/Downloads/jazz/client/eclipse/plugins/org.apache.ant_1.7.1.v20090120-1145/lib/ant-netrexx.jar:/Users/rabone/Downloads/jazz/client/eclipse/plugins/org.apache.ant_1.7.1.v20090120-1145/lib/ant-nodeps.jar:/Users/rabone/Downloads/jazz/client/eclipse/plugins/org.apache.ant_1.7.1.v20090120-1145/lib/ant-starteam.jar:/Users/rabone/Downloads/jazz/client/eclipse/plugins/org.apache.ant_1.7.1.v20090120-1145/lib/ant-stylebook.jar:/Users/rabone/Downloads/jazz/client/eclipse/plugins/org.apache.ant_1.7.1.v20090120-1145/lib/ant-swing.jar:/Users/rabone/Downloads/jazz/client/eclipse/plugins/org.apache.ant_1.7.1.v20090120-1145/lib/ant-trax.jar:/Users/rabone/Downloads/jazz/client/eclipse/plugins/org.apache.ant_1.7.1.v20090120-1145/lib/ant-weblogic.jar:/Users/rabone/Downloads/jazz/client/eclipse/plugins/org.apache.ant_1.7.1.v20090120-1145/lib/ant-contrib-1.0b3.jar:/Users/rabone/Downloads/jazz/client/eclipse/configuration/org.eclipse.osgi/bundles/342/1/.cp/lib/remoteAnt.jar:/Users/rabone/Downloads/jazz/client/eclipse/plugins/org.eclipse.swt.cocoa.macosx_3.5.2.v3557f.jar" />
    <property name="ant.version" value="Apache Ant version 1.7.1 compiled on June 27 2008" />
    <property name="env.com.apple.java.jvmMode" value="client" />
    <property name="java.vm.specification.name" value="Java Virtual Machine Specification" />
    <property name="java.vm.specification.version" value="1.0" />
    <property name="sun.cpu.endian" value="little" />
    <property name="sun.os.patch.level" value="unknown" />
    <property name="debuglevel" value="source,lines,vars" />
    <property name="env.HOME" value="/Users/rabone" />
    <property name="env.ANT_HOME" value="/Users/rabone/Downloads/jazz/client/eclipse/plugins/org.apache.ant_1.7.1.v20090120-1145" />
    <property name="java.io.tmpdir" value="/var/folders/7t/7tr2vlh2FvqcNIGefrA10U+++TI/-Tmp-/" />
    <property name="eclipse.pdebuild.home" value="/Users/rabone/Downloads/jazz/client/eclipse/plugins/org.eclipse.pde.build_3.5.2.R35x_20100114/.//" />
    <property name="top" value="/Users/rabone" />
    <property name="java.vendor.url.bug" value="http://bugreport.apple.com/" />
    <property name="env.SSH_AUTH_SOCK" value="/tmp/launch-x99zs0/Listeners" />
    <property name="env.JAVA_MAIN_CLASS_39252" value="org.eclipse.ant.internal.ui.antsupport.InternalAntRunner" />
    <property name="env.COMMAND_MODE" value="unix2003" />
    <property name="mrj.build" value="10M3527" />
    <property name="java.awt.graphicsenv" value="apple.awt.CGraphicsEnvironment" />
    <property name="os.arch" value="x86_64" />
    <property name="ant.file.org.eclipse.lyo.testsuite.server" value="/Users/rabone/git/lyo.testsuite/org.eclipse.lyo.testsuite.server/compliance/qm/rqm-compliance-test.xml" />
    <property name="java.ext.dirs" value="/Library/Java/Extensions:/System/Library/Java/Extensions:/System/Library/Java/JavaVirtualMachines/1.6.0.jdk/Contents/Home/lib/ext" />
    <property name="user.dir" value="/Users/rabone/git/lyo.testsuite/org.eclipse.lyo.testsuite.server/compliance/qm" />
    <property name="env.com.apple.java.jvmTask" value="JNI.java" />
    <property name="mrj.version" value="1060.1.6.0_29-402" />
    <property name="line.separator" value="
" />
    <property name="java.vm.name" value="Java HotSpot(TM) 64-Bit Server VM" />
    <property name="basedir" value="/Users/rabone/git/lyo.testsuite/org.eclipse.lyo.testsuite.server/compliance/qm" />
    <property name="ant.java.version" value="1.6" />
    <property name="ant.core.lib" value="/Users/rabone/Downloads/jazz/client/eclipse/plugins/org.apache.ant_1.7.1.v20090120-1145/lib/ant.jar" />
    <property name="source" value="1.6" />
    <property name="file.encoding" value="UTF-8" />
    <property name="java.specification.version" value="1.6" />
  </properties>
  <testcase classname="org.eclipse.lyo.testsuite.server.oslcv2tests.ServiceProviderCatalogRdfXmlTests" name="baseUrlIsValid[0]" time="0.2" />
  <testcase classname="org.eclipse.lyo.testsuite.server.oslcv2tests.ServiceProviderCatalogRdfXmlTests" name="catalogRootIsRdfNamespaceDeclaration[0]" time="0.197" />
  <testcase classname="org.eclipse.lyo.testsuite.server.oslcv2tests.ServiceProviderCatalogRdfXmlTests" name="catalogRootAboutElementPointsToSelf[0]" time="0.11" />
  <testcase classname="org.eclipse.lyo.testsuite.server.oslcv2tests.ServiceProviderCatalogRdfXmlTests" name="serviceProviderCatalogsHaveAtMostOneTitle[0]" time="0.2" />
  <testcase classname="org.eclipse.lyo.testsuite.server.oslcv2tests.ServiceProviderCatalogRdfXmlTests" name="serviceProviderCatalogHaveAtMostOneTitle[0]" time="0.194" />
  <testcase classname="org.eclipse.lyo.testsuite.server.oslcv2tests.ServiceProviderCatalogRdfXmlTests" name="serviceProvidersHaveAtMostOneTitle[0]" time="0.187" />
  <testcase classname="org.eclipse.lyo.testsuite.server.oslcv2tests.ServiceProviderCatalogRdfXmlTests" name="serviceProviderCatalogsHaveAtMostOnePublisher[0]" time="0.112" />
  <testcase classname="org.eclipse.lyo.testsuite.server.oslcv2tests.ServiceProviderCatalogRdfXmlTests" name="serviceProvidersHaveAtMostOnePublisher[0]" time="0.116" />
  <testcase classname="org.eclipse.lyo.testsuite.server.oslcv2tests.ServiceProviderCatalogRdfXmlTests" name="publisherElementsAreValid[0]" time="0.112" />
  <testcase classname="org.eclipse.lyo.testsuite.server.oslcv2tests.ServiceProviderCatalogRdfXmlTests" name="invalidContentTypeGivesNotSupportedOPTIONAL[0]" time="0.222">
    <failure message="Expected 406 but received HTTP/1.1 200 OK or Content-type=&apos;invalid/content-type&apos; but received application/rdf+xml;charset=UTF-8" type="junit.framework.AssertionFailedError">junit.framework.AssertionFailedError: Expected 406 but received HTTP/1.1 200 OK or Content-type=&apos;invalid/content-type&apos; but received application/rdf+xml;charset=UTF-8
	at org.eclipse.ant.internal.ui.antsupport.EclipseDefaultExecutor.executeTargets(EclipseDefaultExecutor.java:32)
	at org.eclipse.ant.internal.ui.antsupport.InternalAntRunner.run(InternalAntRunner.java:423)
	at org.eclipse.ant.internal.ui.antsupport.InternalAntRunner.main(InternalAntRunner.java:137)
	at org.eclipse.lyo.testsuite.server.oslcv2tests.ServiceProviderCatalogBaseTests.invalidContentTypeGivesNotSupportedOPTIONAL(ServiceProviderCatalogBaseTests.java:68)
</failure>
  </testcase>
  <testcase classname="org.eclipse.lyo.testsuite.server.oslcv2tests.ServiceProviderCatalogRdfXmlTests" name="contentTypeIsSuggestedType[0]" time="0.38" />
  <testcase classname="org.eclipse.lyo.testsuite.server.oslcv2tests.ServiceProviderCatalogRdfXmlTests" name="misplacedParametersDoNotEffectResponse[0]" time="0.507" />
  <system-out><![CDATA[Catalog does not contain other catalogs
]]></system-out>
  <system-err><![CDATA[]]></system-err>
</testsuite>
