<?xml version="1.0" encoding="UTF-8" ?>
<testsuite errors="0" failures="2" hostname="yyin2" name="org.eclipse.lyo.testsuite.server.oslcv2tests.ServiceProviderCatalogXmlTests" tests="17" time="4.655" timestamp="2012-02-10T18:16:55">
  <properties>
    <property name="java.vendor" value="IBM Corporation" />
    <property name="env.MOZ_PLUGIN_PATH" value="C:\Program Files\Virtools\3D Life Player\" />
    <property name="sun.java.launcher" value="SUN_STANDARD" />
    <property name="eclipse.pdebuild.templates" value="/C:/Eclipse36/eclipse/plugins/org.eclipse.pde.build_3.6.2.R36x_20110203/templates/" />
    <property name="env.PROMPT" value="$P$G" />
    <property name="env.PD_SOCKET" value="6874" />
    <property name="os.name" value="Windows XP" />
    <property name="env.FP_NO_HOST_CHECK" value="NO" />
    <property name="sun.boot.class.path" value="C:\Program Files\IBM\Java60\jre\lib\vm.jar;C:\Program Files\IBM\Java60\jre\lib\annotation.jar;C:\Program Files\IBM\Java60\jre\lib\beans.jar;C:\Program Files\IBM\Java60\jre\lib\java.util.jar;C:\Program Files\IBM\Java60\jre\lib\jndi.jar;C:\Program Files\IBM\Java60\jre\lib\logging.jar;C:\Program Files\IBM\Java60\jre\lib\security.jar;C:\Program Files\IBM\Java60\jre\lib\sql.jar;C:\Program Files\IBM\Java60\jre\lib\ibmorb.jar;C:\Program Files\IBM\Java60\jre\lib\ibmorbapi.jar;C:\Program Files\IBM\Java60\jre\lib\ibmcfw.jar;C:\Program Files\IBM\Java60\jre\lib\rt.jar;C:\Program Files\IBM\Java60\jre\lib\charsets.jar;C:\Program Files\IBM\Java60\jre\lib\resources.jar;C:\Program Files\IBM\Java60\jre\lib\ibmpkcs.jar;C:\Program Files\IBM\Java60\jre\lib\ibmcertpathfw.jar;C:\Program Files\IBM\Java60\jre\lib\ibmjgssfw.jar;C:\Program Files\IBM\Java60\jre\lib\ibmjssefw.jar;C:\Program Files\IBM\Java60\jre\lib\ibmsaslfw.jar;C:\Program Files\IBM\Java60\jre\lib\ibmjcefw.jar;C:\Program Files\IBM\Java60\jre\lib\ibmjgssprovider.jar;C:\Program Files\IBM\Java60\jre\lib\ibmjsseprovider2.jar;C:\Program Files\IBM\Java60\jre\lib\ibmcertpathprovider.jar;C:\Program Files\IBM\Java60\jre\lib\ibmxmlcrypto.jar;C:\Program Files\IBM\Java60\jre\lib\management-agent.jar;C:\Program Files\IBM\Java60\jre\lib\xml.jar;C:\Program Files\IBM\Java60\jre\lib\jlm.jar;C:\Program Files\IBM\Java60\jre\lib\javascript.jar" />
    <property name="env.COMPUTERNAME" value="YYIN2" />
    <property name="env.ALLUSERSPROFILE" value="C:\Documents and Settings\All Users" />
    <property name="sun.java2d.fontpath" value="" />
    <property name="java.vm.specification.vendor" value="Sun Microsystems Inc." />
    <property name="ant.home" value="C:\Eclipse36\eclipse\plugins\org.apache.ant_1.7.1.v20100518-1145" />
    <property name="java.runtime.version" value="jvmwi3260sr8-20100401_55940" />
    <property name="env.HOMEPATH" value="\Documents and Settings\yyin" />
    <property name="env.IBM_JAVA_COMMAND_LINE" value="C:\WINDOWS\system32\javaw.exe -Dosgi.requiredJavaVersion=1.5 -Xms40m -Xmx512m -jar C:\Eclipse36\eclipse\\plugins/org.eclipse.equinox.launcher_1.1.1.R36x_v20101122_1400.jar -os win32 -ws win32 -arch x86 -showsplash -launcher C:\Eclipse36\eclipse\eclipse.exe -name Eclipse --launcher.library C:\Eclipse36\eclipse\\plugins/org.eclipse.equinox.launcher.win32.win32.x86_1.1.2.R36x_v20101222\eclipse_1312.dll -startup C:\Eclipse36\eclipse\\plugins/org.eclipse.equinox.launcher_1.1.1.R36x_v20101122_1400.jar -exitdata 1ce4_44 -product org.eclipse.epp.package.jee.product -vm C:\WINDOWS\system32\javaw.exe -vmargs -Dosgi.requiredJavaVersion=1.5 -Xms40m -Xmx512m -jar C:\Eclipse36\eclipse\\plugins/org.eclipse.equinox.launcher_1.1.1.R36x_v20101122_1400.jar" />
    <property name="user.name" value="yyin" />
    <property name="java.compiler" value="j9jit24" />
    <property name="os.encoding" value="UTF8" />
    <property name="com.ibm.util.extralibs.properties" value="" />
    <property name="env.QTJAVA" value="C:\Program Files\Java\jre6\lib\ext\QTJava.zip" />
    <property name="com.ibm.jcl.checkClassPath" value="" />
    <property name="eclipse_home" value="C:/Eclipse36/eclipse" />
    <property name="env.tvdebugflags" value="0x260" />
    <property name="user.language" value="en" />
    <property name="com.ibm.oti.vm.bootstrap.library.path" value="C:\Program Files\IBM\Java60\jre\bin" />
    <property name="sun.boot.library.path" value="C:\Program Files\IBM\Java60\jre\bin" />
    <property name="todir" value="junit/RQM3" />
    <property name="ant.project.name" value="org.eclipse.lyo.testsuite.server" />
    <property name="java.version" value="1.6.0" />
    <property name="env.PROCESSOR_IDENTIFIER" value="x86 Family 6 Model 23 Stepping 10, GenuineIntel" />
    <property name="user.timezone" value="" />
    <property name="env.asl.log" value="Destination=file" />
    <property name="env.TEMP" value="C:\DOCUME~1\yyin\LOCALS~1\Temp" />
    <property name="sun.arch.data.model" value="32" />
    <property name="com.ibm.zero.version" value="1" />
    <property name="env.PDBASE" value="C:\Program Files\IBM\Infoprint Select" />
    <property name="java.endorsed.dirs" value="C:\Program Files\IBM\Java60\jre\lib\endorsed" />
    <property name="com.ibm.oti.vm.library.version" value="24" />
    <property name="env.HOMEDRIVE" value="C:" />
    <property name="sun.jnu.encoding" value="Cp1252" />
    <property name="jxe.current.romimage.version" value="15" />
    <property name="ECLIPSE_HOME" value="C:/Eclipse36/eclipse" />
    <property name="file.separator" value="\" />
    <property name="java.specification.name" value="Java Platform API Specification" />
    <property name="java.class.version" value="50.0" />
    <property name="compliance.props" value="C:\Documents and Settings\yyin\gitHub370444\org.eclipse.lyo.testsuite\org.eclipse.lyo.testsuite.server\compliance\qm/compliance.props" />
    <property name="user.country" value="US" />
    <property name="java.home" value="C:\Program Files\IBM\Java60\jre" />
    <property name="env.APPDATA" value="C:\Documents and Settings\yyin\Application Data" />
    <property name="java.vm.info" value="JRE 1.6.0 IBM J9 2.4 Windows XP x86-32 jvmwi3260sr8-20100401_55940 (JIT enabled, AOT enabled)
J9VM - 20100401_055940
JIT  - r9_20100401_15339
GC   - 20100308_AA" />
    <property name="env.ComSpec" value="C:\WINDOWS\system32\cmd.exe" />
    <property name="env.OS" value="Windows_NT" />
    <property name="env.CommonProgramFiles" value="C:\Program Files\Common Files" />
    <property name="ant.file" value="C:\Documents and Settings\yyin\gitHub370444\org.eclipse.lyo.testsuite\org.eclipse.lyo.testsuite.server\compliance\qm\rqm-compliance-test.xml" />
    <property name="os.version" value="5.1 build 2600 Service Pack 3" />
    <property name="java.awt.fonts" value="" />
    <property name="path.separator" value=";" />
    <property name="java.vm.version" value="2.4" />
    <property name="java.util.prefs.PreferencesFactory" value="java.util.prefs.WindowsPreferencesFactory" />
    <property name="env.USERPROFILE" value="C:\Documents and Settings\yyin" />
    <property name="user.variant" value="" />
    <property name="ant.library.dir" value="C:\Eclipse36\eclipse\plugins\org.apache.ant_1.7.1.v20100518-1145\lib" />
    <property name="junit.output.dir" value="junit" />
    <property name="env.IBM_JAVA_SYSLOG_NAME" value="IBM Java 6" />
    <property name="env.JAVA_HOME" value="C:\Program Files\IBM\jdk1.6.0_22" />
    <property name="java.awt.printerjob" value="sun.awt.windows.WPrinterJob" />
    <property name="env.TMP" value="C:\DOCUME~1\yyin\LOCALS~1\Temp" />
    <property name="sun.io.unicode.encoding" value="UnicodeLittle" />
    <property name="awt.toolkit" value="sun.awt.windows.WToolkit" />
    <property name="java.assistive" value="ON" />
    <property name="ibm.signalhandling.sigint" value="true" />
    <property name="eclipse.pdebuild.scripts" value="/C:/Eclipse36/eclipse/plugins/org.eclipse.pde.build_3.6.2.R36x_20110203/scripts/" />
    <property name="user.home" value="C:\Documents and Settings\yyin" />
    <property name="target" value="1.6" />
    <property name="com.ibm.cpu.endian" value="little" />
    <property name="env.SESSIONNAME" value="Console" />
    <property name="env.CLASSPATH" value=".;C:\Program Files\Java\jre6\lib\ext\QTJava.zip" />
    <property name="java.specification.vendor" value="Sun Microsystems Inc." />
    <property name="ibm.signalhandling.sigchain" value="true" />
    <property name="props" value="../../config/rqm/rqm-setupv2.properties" />
    <property name="java.vendor.url" value="http://www.ibm.com/" />
    <property name="env.NUMBER_OF_PROCESSORS" value="2" />
    <property name="java.library.path" value="C:\Program Files\IBM\Java60\jre\bin;.;c:\ant\bin;C:\Maven303\apache-maven-3.0.3\bin;C:\Program Files\Common Files\Microsoft Shared\Windows Live;C:\Perl\site\bin;C:\Perl\bin;C:\WINDOWS\system32;C:\WINDOWS;C:\WINDOWS\System32\Wbem;C:\Program Files\IBM\Infoprint Select;C:\Notes;C:\Program Files\XLView;C:\lotus\compnent;C:\Utilities;C:\Program Files\IBM\Personal Communications\;C:\Program Files\IBM\Trace Facility\;C:\Program Files\Intel\WiFi\bin\;C:\Program Files\ThinkPad\ConnectUtilities;C:\WINDOWS\system32\kktools;C:\Program Files\QuickTime\QTSystem\;C:\Program Files\Common Files\Microsoft Shared\Windows Live;C:\Eclipse36\eclipse\configuration\org.eclipse.osgi\bundles\559\1\.cp" />
    <property name="env.USERDNSDOMAIN" value="DEV.RATLCORE.IBM.COM" />
    <property name="provider" value="RQM3" />
    <property name="java.vm.vendor" value="IBM Corporation" />
    <property name="java.fullversion" value="JRE 1.6.0 IBM J9 2.4 Windows XP x86-32 jvmwi3260sr8-20100401_55940 (JIT enabled, AOT enabled)
J9VM - 20100401_055940
JIT  - r9_20100401_15339
GC   - 20100308_AA" />
    <property name="java.runtime.name" value="Java(TM) SE Runtime Environment" />
    <property name="java.class.path" value="C:\ant\lib\ant-contrib-1.0b3.jar;C:\Eclipse36\eclipse\plugins\org.apache.ant_1.7.1.v20100518-1145\lib\ant.jar;C:\Eclipse36\eclipse\plugins\org.apache.ant_1.7.1.v20100518-1145\lib\ant-antlr.jar;C:\Eclipse36\eclipse\plugins\org.apache.ant_1.7.1.v20100518-1145\lib\ant-apache-bcel.jar;C:\Eclipse36\eclipse\plugins\org.apache.ant_1.7.1.v20100518-1145\lib\ant-apache-bsf.jar;C:\Eclipse36\eclipse\plugins\org.apache.ant_1.7.1.v20100518-1145\lib\ant-apache-log4j.jar;C:\Eclipse36\eclipse\plugins\org.apache.ant_1.7.1.v20100518-1145\lib\ant-apache-oro.jar;C:\Eclipse36\eclipse\plugins\org.apache.ant_1.7.1.v20100518-1145\lib\ant-apache-regexp.jar;C:\Eclipse36\eclipse\plugins\org.apache.ant_1.7.1.v20100518-1145\lib\ant-apache-resolver.jar;C:\Eclipse36\eclipse\plugins\org.apache.ant_1.7.1.v20100518-1145\lib\ant-commons-logging.jar;C:\Eclipse36\eclipse\plugins\org.apache.ant_1.7.1.v20100518-1145\lib\ant-commons-net.jar;C:\Eclipse36\eclipse\plugins\org.apache.ant_1.7.1.v20100518-1145\lib\ant-jai.jar;C:\Eclipse36\eclipse\plugins\org.apache.ant_1.7.1.v20100518-1145\lib\ant-javamail.jar;C:\Eclipse36\eclipse\plugins\org.apache.ant_1.7.1.v20100518-1145\lib\ant-jdepend.jar;C:\Eclipse36\eclipse\plugins\org.apache.ant_1.7.1.v20100518-1145\lib\ant-jmf.jar;C:\Eclipse36\eclipse\plugins\org.apache.ant_1.7.1.v20100518-1145\lib\ant-jsch.jar;C:\Eclipse36\eclipse\plugins\org.apache.ant_1.7.1.v20100518-1145\lib\ant-junit.jar;C:\Eclipse36\eclipse\plugins\org.apache.ant_1.7.1.v20100518-1145\lib\ant-launcher.jar;C:\Eclipse36\eclipse\plugins\org.apache.ant_1.7.1.v20100518-1145\lib\ant-netrexx.jar;C:\Eclipse36\eclipse\plugins\org.apache.ant_1.7.1.v20100518-1145\lib\ant-nodeps.jar;C:\Eclipse36\eclipse\plugins\org.apache.ant_1.7.1.v20100518-1145\lib\ant-starteam.jar;C:\Eclipse36\eclipse\plugins\org.apache.ant_1.7.1.v20100518-1145\lib\ant-stylebook.jar;C:\Eclipse36\eclipse\plugins\org.apache.ant_1.7.1.v20100518-1145\lib\ant-swing.jar;C:\Eclipse36\eclipse\plugins\org.apache.ant_1.7.1.v20100518-1145\lib\ant-trax.jar;C:\Eclipse36\eclipse\plugins\org.apache.ant_1.7.1.v20100518-1145\lib\ant-weblogic.jar;C:\Eclipse36\eclipse\configuration\org.eclipse.osgi\bundles\46\1\.cp\lib\antdebug.jar;C:\Eclipse36\eclipse\configuration\org.eclipse.osgi\bundles\46\1\.cp\lib\remote.jar;C:\Eclipse36\eclipse\configuration\org.eclipse.osgi\bundles\47\1\.cp\lib\remoteAnt.jar;C:\Program Files\IBM\Java60\lib\tools.jar;C:\Eclipse36\eclipse\plugins\org.eclipse.swt.win32.win32.x86_3.6.2.v3659c.jar" />
    <property name="sun.java.command" value="org.eclipse.ant.internal.launching.remote.InternalAntRunner -Dorg.eclipse.ant.core.ANT_PROCESS_ID=1328897807827 -Declipse.connect.port=3224 -Declipse.pdebuild.home=/C:/Eclipse36/eclipse/plugins/org.eclipse.pde.build_3.6.2.R36x_20110203/./ -Declipse.pdebuild.scripts=/C:/Eclipse36/eclipse/plugins/org.eclipse.pde.build_3.6.2.R36x_20110203/scripts/ -Declipse.pdebuild.templates=/C:/Eclipse36/eclipse/plugins/org.eclipse.pde.build_3.6.2.R36x_20110203/templates/ -Dant.home=C:\Eclipse36\eclipse\plugins\org.apache.ant_1.7.1.v20100518-1145 -logger org.eclipse.ant.internal.launching.remote.logger.RemoteAntBuildLogger -inputhandler org.eclipse.ant.internal.ui.antsupport.inputhandler.ProxyInputHandler -buildfile C:\Documents and Settings\yyin\gitHub370444\org.eclipse.lyo.testsuite\org.eclipse.lyo.testsuite.server\compliance\qm\rqm-compliance-test.xml provider-test" />
    <property name="ant.version" value="Apache Ant version 1.7.1 compiled on June 27 2008" />
    <property name="java.vm.specification.name" value="Java Virtual Machine Specification" />
    <property name="env.windir" value="C:\WINDOWS" />
    <property name="env.LOGONSERVER" value="\\SMADEVDC03" />
    <property name="java.vm.specification.version" value="1.0" />
    <property name="env.PROCESSOR_ARCHITECTURE" value="x86" />
    <property name="env.tvlogsessioncount" value="5000" />
    <property name="debuglevel" value="source,lines,vars" />
    <property name="env.ProgramFiles" value="C:\Program Files" />
    <property name="env.ANT_HOME" value="C:\Eclipse36\eclipse\plugins\org.apache.ant_1.7.1.v20100518-1145" />
    <property name="env.PROCESSOR_REVISION" value="170a" />
    <property name="java.io.tmpdir" value="C:\DOCUME~1\yyin\LOCALS~1\Temp\" />
    <property name="eclipse.pdebuild.home" value="/C:/Eclipse36/eclipse/plugins/org.eclipse.pde.build_3.6.2.R36x_20110203/./" />
    <property name="top" value="C:/Documents and Settings/yyin" />
    <property name="java.jcl.version" value="20100903_02" />
    <property name="env.SystemRoot" value="C:\WINDOWS" />
    <property name="ibm.system.encoding" value="Cp1252" />
    <property name="ibm.signalhandling.rs" value="false" />
    <property name="java.awt.graphicsenv" value="sun.awt.Win32GraphicsEnvironment" />
    <property name="ant.file.org.eclipse.lyo.testsuite.server" value="C:\Documents and Settings\yyin\gitHub370444\org.eclipse.lyo.testsuite\org.eclipse.lyo.testsuite.server\compliance\qm\rqm-compliance-test.xml" />
    <property name="os.arch" value="x86" />
    <property name="java.ext.dirs" value="C:\Program Files\IBM\Java60\jre\lib\ext" />
    <property name="user.dir" value="C:\Documents and Settings\yyin\gitHub370444\org.eclipse.lyo.testsuite\org.eclipse.lyo.testsuite.server\compliance\qm" />
    <property name="line.separator" value="
" />
    <property name="java.vm.name" value="IBM J9 VM" />
    <property name="env.PATHEXT" value=".COM;.EXE;.BAT;.CMD;.VBS;.VBE;.JS;.JSE;.WSF;.WSH" />
    <property name="env.Path" value="c:\ant\bin;C:\Maven303\apache-maven-3.0.3\bin;C:\Program Files\Common Files\Microsoft Shared\Windows Live;C:\Perl\site\bin;C:\Perl\bin;C:\WINDOWS\system32;C:\WINDOWS;C:\WINDOWS\System32\Wbem;C:\Program Files\IBM\Infoprint Select;C:\Notes;C:\Program Files\XLView;C:\lotus\compnent;C:\Utilities;C:\Program Files\IBM\Personal Communications\;C:\Program Files\IBM\Trace Facility\;C:\Program Files\Intel\WiFi\bin\;C:\Program Files\ThinkPad\ConnectUtilities;C:\WINDOWS\system32\kktools;C:\Program Files\QuickTime\QTSystem\;C:\Program Files\Common Files\Microsoft Shared\Windows Live" />
    <property name="com.ibm.oti.shared.enabled" value="false" />
    <property name="env.JRE_HOME" value="c:\Program Files\IBM\jdk1.6.0_22" />
    <property name="com.ibm.vm.bitmode" value="32" />
    <property name="basedir" value="C:\Documents and Settings\yyin\gitHub370444\org.eclipse.lyo.testsuite\org.eclipse.lyo.testsuite.server\compliance\qm" />
    <property name="ant.java.version" value="1.6" />
    <property name="ant.core.lib" value="C:\Eclipse36\eclipse\plugins\org.apache.ant_1.7.1.v20100518-1145\lib\ant.jar" />
    <property name="env.USERNAME" value="yyin" />
    <property name="jxe.lowest.romimage.version" value="15" />
    <property name="env.SystemDrive" value="C:" />
    <property name="source" value="1.6" />
    <property name="file.encoding" value="UTF-8" />
    <property name="env.USERDOMAIN" value="DEV" />
    <property name="env.PCOMM_Root" value="C:\Program Files\IBM\Personal Communications\" />
    <property name="env.SonicCentral" value="C:\Program Files\Common Files\Sonic Shared\Sonic Central\" />
    <property name="com.ibm.oti.jcl.build" value="20100326_1904" />
    <property name="com.ibm.oti.configuration" value="scar" />
    <property name="java.specification.version" value="1.6" />
    <property name="env.PROCESSOR_LEVEL" value="6" />
  </properties>
  <testcase classname="org.eclipse.lyo.testsuite.server.oslcv2tests.ServiceProviderCatalogXmlTests" name="baseUrlIsValid[0]" time="0.232" />
  <testcase classname="org.eclipse.lyo.testsuite.server.oslcv2tests.ServiceProviderCatalogXmlTests" name="catalogRootIsRdfNamespaceDeclaration[0]" time="0.201" />
  <testcase classname="org.eclipse.lyo.testsuite.server.oslcv2tests.ServiceProviderCatalogXmlTests" name="catalogRootAboutElementPointsToSelf[0]" time="0.417" />
  <testcase classname="org.eclipse.lyo.testsuite.server.oslcv2tests.ServiceProviderCatalogXmlTests" name="serviceProviderCatalogsHaveAtMostOneTitle[0]" time="0.217" />
  <testcase classname="org.eclipse.lyo.testsuite.server.oslcv2tests.ServiceProviderCatalogXmlTests" name="serviceProvidersHaveAtMostOneTitle[0]" time="0.154" />
  <testcase classname="org.eclipse.lyo.testsuite.server.oslcv2tests.ServiceProviderCatalogXmlTests" name="serviceProviderCatalogsHaveAtMostOnePublisher[0]" time="0.155" />
  <testcase classname="org.eclipse.lyo.testsuite.server.oslcv2tests.ServiceProviderCatalogXmlTests" name="serviceProvidersHaveAtMostOnePublisher[0]" time="0.155" />
  <testcase classname="org.eclipse.lyo.testsuite.server.oslcv2tests.ServiceProviderCatalogXmlTests" name="publisherElementsAreValid[0]" time="0.139" />
  <testcase classname="org.eclipse.lyo.testsuite.server.oslcv2tests.ServiceProviderCatalogXmlTests" name="serviceProviderCatalogsHaveAtMostOneOAuthElement[0]" time="0.139" />
  <testcase classname="org.eclipse.lyo.testsuite.server.oslcv2tests.ServiceProviderCatalogXmlTests" name="serviceProvidersHaveAtMostOneOAuthElement[0]" time="0.155" />
  <testcase classname="org.eclipse.lyo.testsuite.server.oslcv2tests.ServiceProviderCatalogXmlTests" name="oAuthElementsAreValid[0]" time="0.139" />
  <testcase classname="org.eclipse.lyo.testsuite.server.oslcv2tests.ServiceProviderCatalogXmlTests" name="serviceProviderCatalogsHaveValidResourceUrl[0]" time="0.278" />
  <testcase classname="org.eclipse.lyo.testsuite.server.oslcv2tests.ServiceProviderCatalogXmlTests" name="servicesProvidersHaveValidResourceUrl[0]" time="0.913" />
  <testcase classname="org.eclipse.lyo.testsuite.server.oslcv2tests.ServiceProviderCatalogXmlTests" name="detailsElementsHaveValidResourceAttribute[0]" time="0.355" />
  <testcase classname="org.eclipse.lyo.testsuite.server.oslcv2tests.ServiceProviderCatalogXmlTests" name="invalidContentTypeGivesNotSupportedOPTIONAL[0]" time="0.279">
    <failure message="Expected 406 but received HTTP/1.1 200 OK or Content-type=&apos;invalid/content-type&apos; but received application/rdf+xml;charset=UTF-8" type="junit.framework.AssertionFailedError">junit.framework.AssertionFailedError: Expected 406 but received HTTP/1.1 200 OK or Content-type=&apos;invalid/content-type&apos; but received application/rdf+xml;charset=UTF-8
	at org.eclipse.ant.internal.launching.remote.EclipseDefaultExecutor.executeTargets(EclipseDefaultExecutor.java:32)
	at org.eclipse.ant.internal.launching.remote.InternalAntRunner.run(InternalAntRunner.java:423)
	at org.eclipse.ant.internal.launching.remote.InternalAntRunner.main(InternalAntRunner.java:137)
	at org.eclipse.lyo.testsuite.server.oslcv2tests.ServiceProviderCatalogBaseTests.invalidContentTypeGivesNotSupportedOPTIONAL(ServiceProviderCatalogBaseTests.java:68)
</failure>
  </testcase>
  <testcase classname="org.eclipse.lyo.testsuite.server.oslcv2tests.ServiceProviderCatalogXmlTests" name="contentTypeIsSuggestedType[0]" time="0.278">
    <failure message="Expected content-type &quot;application/xml&quot; received : application/rdf+xml;charset=UTF-8" type="junit.framework.AssertionFailedError">junit.framework.AssertionFailedError: Expected content-type &quot;application/xml&quot; received : application/rdf+xml;charset=UTF-8
	at org.eclipse.ant.internal.launching.remote.EclipseDefaultExecutor.executeTargets(EclipseDefaultExecutor.java:32)
	at org.eclipse.ant.internal.launching.remote.InternalAntRunner.run(InternalAntRunner.java:423)
	at org.eclipse.ant.internal.launching.remote.InternalAntRunner.main(InternalAntRunner.java:137)
	at org.eclipse.lyo.testsuite.server.oslcv2tests.ServiceProviderCatalogBaseTests.contentTypeIsSuggestedType(ServiceProviderCatalogBaseTests.java:86)
</failure>
  </testcase>
  <testcase classname="org.eclipse.lyo.testsuite.server.oslcv2tests.ServiceProviderCatalogXmlTests" name="misplacedParametersDoNotEffectResponse[0]" time="0.418" />
  <system-out><![CDATA[]]></system-out>
  <system-err><![CDATA[]]></system-err>
</testsuite>
