<?xml version="1.0" encoding="UTF-8" ?>
<testsuite errors="0" failures="0" hostname="gearboxsv1" name="org.eclipse.lyo.testsuite.server.oslcv2tests.SimplifiedQueryXmlTests" tests="6" time="0.241" timestamp="2011-11-29T16:43:18">
  <properties>
    <property name="java.vendor" value="Sun Microsystems Inc." />
    <property name="sun.java.launcher" value="SUN_STANDARD" />
    <property name="sun.management.compiler" value="HotSpot 64-Bit Tiered Compilers" />
    <property name="env.BASE" value="C:\Users\Administrator\.hudson" />
    <property name="env.PROMPT" value="$P$G" />
    <property name="os.name" value="Windows Server 2008 R2" />
    <property name="env.FP_NO_HOST_CHECK" value="NO" />
    <property name="sun.boot.class.path" value="C:\PROGRA~1\Java\jdk1.6.0_26\jre\lib\resources.jar;C:\PROGRA~1\Java\jdk1.6.0_26\jre\lib\rt.jar;C:\PROGRA~1\Java\jdk1.6.0_26\jre\lib\sunrsasign.jar;C:\PROGRA~1\Java\jdk1.6.0_26\jre\lib\jsse.jar;C:\PROGRA~1\Java\jdk1.6.0_26\jre\lib\jce.jar;C:\PROGRA~1\Java\jdk1.6.0_26\jre\lib\charsets.jar;C:\PROGRA~1\Java\jdk1.6.0_26\jre\lib\modules\jdk.boot.jar;C:\PROGRA~1\Java\jdk1.6.0_26\jre\classes" />
    <property name="env.COMPUTERNAME" value="GEARBOXSV1" />
    <property name="env.CommonProgramW6432" value="C:\Program Files\Common Files" />
    <property name="env.ALLUSERSPROFILE" value="C:\ProgramData" />
    <property name="sun.desktop" value="windows" />
    <property name="java.vm.specification.vendor" value="Sun Microsystems Inc." />
    <property name="ant.home" value="C:\Users\Administrator\.hudson\tools\ANT_1.7.1" />
    <property name="java.runtime.version" value="1.6.0_26-b03" />
    <property name="user.name" value="Administrator" />
    <property name="eclipse_home" value="C:/RTC301/client/eclipse" />
    <property name="user.language" value="en" />
    <property name="env.windows_tracing_flags" value="3" />
    <property name="sun.boot.library.path" value="C:\PROGRA~1\Java\jdk1.6.0_26\jre\bin" />
    <property name="ant.project.name" value="OSLC Provider Test" />
    <property name="java.version" value="1.6.0_26" />
    <property name="env.PROCESSOR_IDENTIFIER" value="Intel64 Family 6 Model 15 Stepping 6, GenuineIntel" />
    <property name="user.timezone" value="" />
    <property name="env.TEMP" value="C:\Users\ADMINI~1\AppData\Local\Temp" />
    <property name="sun.arch.data.model" value="64" />
    <property name="java.endorsed.dirs" value="C:\PROGRA~1\Java\jdk1.6.0_26\jre\lib\endorsed" />
    <property name="env._JAVACMD" value="C:\PROGRA~1\Java\jdk1.6.0_26\bin\java.exe" />
    <property name="sun.cpu.isalist" value="amd64" />
    <property name="sun.jnu.encoding" value="Cp1252" />
    <property name="file.encoding.pkg" value="sun.io" />
    <property name="ECLIPSE_HOME" value="C:/RTC301/client/eclipse" />
    <property name="file.separator" value="\" />
    <property name="java.specification.name" value="Java Platform API Specification" />
    <property name="java.class.version" value="50.0" />
    <property name="compliance.props" value="C:\HudsonScripts\org.eclipse.lyo.testsuite.server\compliance\jira/compliance.props" />
    <property name="user.country" value="US" />
    <property name="env.BUILD_NUMBER" value="277" />
    <property name="java.home" value="C:\PROGRA~1\Java\jdk1.6.0_26\jre" />
    <property name="env.PSModulePath" value="C:\Windows\system32\WindowsPowerShell\v1.0\Modules\" />
    <property name="env.APPDATA" value="C:\Users\Administrator\AppData\Roaming" />
    <property name="env.PUBLIC" value="C:\Users\Public" />
    <property name="env.windows_tracing_logfile" value="C:\BVTBin\Tests\installpackage\csilogfile.log" />
    <property name="java.vm.info" value="mixed mode" />
    <property name="env.ComSpec" value="C:\Windows\system32\cmd.exe" />
    <property name="env.OS" value="Windows_NT" />
    <property name="env.CommonProgramFiles" value="C:\Program Files\Common Files" />
    <property name="ant.file" value="C:\HudsonScripts\org.eclipse.lyo.testsuite.server\compliance\jira\jira-compliance-test.xml" />
    <property name="os.version" value="6.1" />
    <property name="env.ProgramW6432" value="C:\Program Files" />
    <property name="env._USE_CLASSPATH" value="no" />
    <property name="env.HUDSON_COOKIE" value="b5b06b51-8b44-4828-ba1f-53fa767e0fe5" />
    <property name="path.separator" value=";" />
    <property name="java.vm.version" value="20.1-b02" />
    <property name="user.variant" value="" />
    <property name="env.USERPROFILE" value="C:\Users\Administrator" />
    <property name="ant.library.dir" value="C:\Users\Administrator\.hudson\tools\ANT_1.7.1\lib" />
    <property name="junit.output.dir" value="junit" />
    <property name="env.JOB_NAME" value="JIRA Setup" />
    <property name="env.JAVA_HOME" value="C:\PROGRA~1\Java\jdk1.6.0_26" />
    <property name="java.awt.printerjob" value="sun.awt.windows.WPrinterJob" />
    <property name="env.TMP" value="C:\Users\ADMINI~1\AppData\Local\Temp" />
    <property name="sun.io.unicode.encoding" value="UnicodeLittle" />
    <property name="awt.toolkit" value="sun.awt.windows.WToolkit" />
    <property name="env.BUILD_TAG" value="hudson-JIRA Setup-277" />
    <property name="user.home" value="C:\Users\Administrator" />
    <property name="target" value="1.6" />
    <property name="env.ProgramData" value="C:\ProgramData" />
    <property name="env.ProgramFiles(x86)" value="C:\Program Files (x86)" />
    <property name="java.specification.vendor" value="Sun Microsystems Inc." />
    <property name="ant.file.OSLC Provider Test" value="C:\HudsonScripts\org.eclipse.lyo.testsuite.server\compliance\jira\jira-compliance-test.xml" />
    <property name="props" value="C:/HudsonScripts/org.eclipse.lyo.testsuite.server/config/jira/setup.properties" />
    <property name="java.vendor.url" value="http://java.sun.com/" />
    <property name="java.library.path" value="C:\PROGRA~1\Java\jdk1.6.0_26\bin;C:\Windows\Sun\Java\bin;C:\Windows\system32;C:\Windows;C:\PROGRA~1\Java\jdk1.6.0_26/bin;C:\Windows\system32;C:\Windows;C:\Windows\System32\Wbem;C:\Windows\System32\WindowsPowerShell\v1.0\;C:\atlassian-plugin-sdk-3.3.4\bin;C:\maven303\bin;C:\goodies;C:\Program Files (x86)\Microsoft SQL Server\100\Tools\Binn\;C:\Program Files\Microsoft SQL Server\100\Tools\Binn\;C:\Program Files\Microsoft SQL Server\100\DTS\Binn\;C:\Program Files (x86)\Microsoft SQL Server\100\Tools\Binn\VSShell\Common7\IDE\;C:\Program Files (x86)\Microsoft SQL Server\100\DTS\Binn\;." />
    <property name="env.NUMBER_OF_PROCESSORS" value="2" />
    <property name="env.HUDSON_HOME" value="C:\Users\Administrator\.hudson" />
    <property name="java.vm.vendor" value="Sun Microsystems Inc." />
    <property name="env.HUDSON_SERVER_COOKIE" value="100538f0c1a3022c836f1aeb5453ea97" />
    <property name="java.runtime.name" value="Java(TM) SE Runtime Environment" />
    <property name="ant.version" value="Apache Ant version 1.7.1 compiled on June 27 2008" />
    <property name="sun.java.command" value="org.apache.tools.ant.launch.Launcher -file jira-compliance-test.xml provider-test" />
    <property name="java.class.path" value="C:\Users\Administrator\.hudson\tools\ANT_1.7.1\lib\ant-launcher.jar;C:\Users\Administrator\.hudson\tools\ANT_1.7.1\lib\activation.jar;C:\Users\Administrator\.hudson\tools\ANT_1.7.1\lib\ant-antlr.jar;C:\Users\Administrator\.hudson\tools\ANT_1.7.1\lib\ant-apache-bcel.jar;C:\Users\Administrator\.hudson\tools\ANT_1.7.1\lib\ant-apache-bsf.jar;C:\Users\Administrator\.hudson\tools\ANT_1.7.1\lib\ant-apache-log4j.jar;C:\Users\Administrator\.hudson\tools\ANT_1.7.1\lib\ant-apache-oro.jar;C:\Users\Administrator\.hudson\tools\ANT_1.7.1\lib\ant-apache-regexp.jar;C:\Users\Administrator\.hudson\tools\ANT_1.7.1\lib\ant-apache-resolver.jar;C:\Users\Administrator\.hudson\tools\ANT_1.7.1\lib\ant-commons-logging.jar;C:\Users\Administrator\.hudson\tools\ANT_1.7.1\lib\ant-commons-net.jar;C:\Users\Administrator\.hudson\tools\ANT_1.7.1\lib\ant-contrib-1.0b3.jar;C:\Users\Administrator\.hudson\tools\ANT_1.7.1\lib\ant-jai.jar;C:\Users\Administrator\.hudson\tools\ANT_1.7.1\lib\ant-javamail.jar;C:\Users\Administrator\.hudson\tools\ANT_1.7.1\lib\ant-jdepend.jar;C:\Users\Administrator\.hudson\tools\ANT_1.7.1\lib\ant-jmf.jar;C:\Users\Administrator\.hudson\tools\ANT_1.7.1\lib\ant-jsch.jar;C:\Users\Administrator\.hudson\tools\ANT_1.7.1\lib\ant-junit.jar;C:\Users\Administrator\.hudson\tools\ANT_1.7.1\lib\ant-launcher.jar;C:\Users\Administrator\.hudson\tools\ANT_1.7.1\lib\ant-netrexx.jar;C:\Users\Administrator\.hudson\tools\ANT_1.7.1\lib\ant-nodeps.jar;C:\Users\Administrator\.hudson\tools\ANT_1.7.1\lib\ant-starteam.jar;C:\Users\Administrator\.hudson\tools\ANT_1.7.1\lib\ant-stylebook.jar;C:\Users\Administrator\.hudson\tools\ANT_1.7.1\lib\ant-swing.jar;C:\Users\Administrator\.hudson\tools\ANT_1.7.1\lib\ant-testutil.jar;C:\Users\Administrator\.hudson\tools\ANT_1.7.1\lib\ant-trax.jar;C:\Users\Administrator\.hudson\tools\ANT_1.7.1\lib\ant-weblogic.jar;C:\Users\Administrator\.hudson\tools\ANT_1.7.1\lib\ant.jar;C:\Users\Administrator\.hudson\tools\ANT_1.7.1\lib\antlr-2.7.5.jar;C:\Users\Administrator\.hudson\tools\ANT_1.7.1\lib\apache-mime4j-0.6.jar;C:\Users\Administrator\.hudson\tools\ANT_1.7.1\lib\arq-2.6.0.jar;C:\Users\Administrator\.hudson\tools\ANT_1.7.1\lib\arq-2.8.5-patched.jar;C:\Users\Administrator\.hudson\tools\ANT_1.7.1\lib\axis.jar;C:\Users\Administrator\.hudson\tools\ANT_1.7.1\lib\com.ibm.icu_4.0.1.v20090822.jar;C:\Users\Administrator\.hudson\tools\ANT_1.7.1\lib\com.ibm.ram.common_7.5.10.v20110912_1434.jar;C:\Users\Administrator\.hudson\tools\ANT_1.7.1\lib\com.ibm.team.build.client.nl1_3.0.1.v201105261448.jar;C:\Users\Administrator\.hudson\tools\ANT_1.7.1\lib\com.ibm.team.build.client.nl2_3.0.1.v201105261448.jar;C:\Users\Administrator\.hudson\tools\ANT_1.7.1\lib\com.ibm.team.build.client_3.0.1.v20110602_1036.jar;C:\Users\Administrator\.hudson\tools\ANT_1.7.1\lib\com.ibm.team.build.common.nl1_3.0.1.v201105261448.jar;C:\Users\Administrator\.hudson\tools\ANT_1.7.1\lib\com.ibm.team.build.common.nl2_3.0.1.v201105261448.jar;C:\Users\Administrator\.hudson\tools\ANT_1.7.1\lib\com.ibm.team.build.common_3.0.1.v20110602_1036.jar;C:\Users\Administrator\.hudson\tools\ANT_1.7.1\lib\com.ibm.team.build.toolkit.nl1_3.0.1.v201105261448.jar;C:\Users\Administrator\.hudson\tools\ANT_1.7.1\lib\com.ibm.team.build.toolkit.nl2_3.0.1.v201105261448.jar;C:\Users\Administrator\.hudson\tools\ANT_1.7.1\lib\com.ibm.team.build.toolkit_3.0.1.v20110602_1036.jar;C:\Users\Administrator\.hudson\tools\ANT_1.7.1\lib\com.ibm.team.calm.foundation.client.nl1_3.0.1.v201105261448.jar;C:\Users\Administrator\.hudson\tools\ANT_1.7.1\lib\com.ibm.team.calm.foundation.client.nl2_3.0.1.v201105261448.jar;C:\Users\Administrator\.hudson\tools\ANT_1.7.1\lib\com.ibm.team.calm.foundation.client_3.0.1.v20110602_1036.jar;C:\Users\Administrator\.hudson\tools\ANT_1.7.1\lib\com.ibm.team.calm.foundation.common.nl1_3.0.1.v201105261448.jar;C:\Users\Administrator\.hudson\tools\ANT_1.7.1\lib\com.ibm.team.calm.foundation.common.nl2_3.0.1.v201105261448.jar;C:\Users\Administrator\.hudson\tools\ANT_1.7.1\lib\com.ibm.team.calm.foundation.common_3.0.1.v20110602_1036.jar;C:\Users\Administrator\.hudson\tools\ANT_1.7.1\lib\com.ibm.team.enterprise.automation.common.nl1_3.0.1.v201105261448.jar;C:\Users\Administrator\.hudson\tools\ANT_1.7.1\lib\com.ibm.team.enterprise.automation.common.nl2_3.0.1.v201105261448.jar;C:\Users\Administrator\.hudson\tools\ANT_1.7.1\lib\com.ibm.team.enterprise.automation.common_3.0.1.v20110602_1036.jar;C:\Users\Administrator\.hudson\tools\ANT_1.7.1\lib\com.ibm.team.enterprise.automation.toolkit_3.0.1.v20110602_1036.jar;C:\Users\Administrator\.hudson\tools\ANT_1.7.1\lib\com.ibm.team.enterprise.deployment.toolkit_3.0.1.v20110602_1036.jar;C:\Users\Administrator\.hudson\tools\ANT_1.7.1\lib\com.ibm.team.enterprise.packaging.toolkit_3.0.1.v20110602_1036.jar;C:\Users\Administrator\.hudson\tools\ANT_1.7.1\lib\com.ibm.team.filesystem.client.1.7.jar;C:\Users\Administrator\.hudson\tools\ANT_1.7.1\lib\com.ibm.team.filesystem.client.daemon.nl1_3.0.1.v201105261448.jar;C:\Users\Administrator\.hudson\tools\ANT_1.7.1\lib\com.ibm.team.filesystem.client.daemon.nl2_3.0.1.v201105261448.jar;C:\Users\Administrator\.hudson\tools\ANT_1.7.1\lib\com.ibm.team.filesystem.client.daemon_3.0.1.v20110602_1036.jar;C:\Users\Administrator\.hudson\tools\ANT_1.7.1\lib\com.ibm.team.filesystem.client.nl1_3.0.1.v201105261448.jar;C:\Users\Administrator\.hudson\tools\ANT_1.7.1\lib\com.ibm.team.filesystem.client.nl2_3.0.1.v201105261448.jar;C:\Users\Administrator\.hudson\tools\ANT_1.7.1\lib\com.ibm.team.filesystem.client.workitems.nl1_3.0.1.v201105261448.jar;C:\Users\Administrator\.hudson\tools\ANT_1.7.1\lib\com.ibm.team.filesystem.client.workitems.nl2_3.0.1.v201105261448.jar;C:\Users\Administrator\.hudson\tools\ANT_1.7.1\lib\com.ibm.team.filesystem.client.workitems_3.0.1.v20110602_1036.jar;C:\Users\Administrator\.hudson\tools\ANT_1.7.1\lib\com.ibm.team.filesystem.client_3.0.1.v20110602_1036.jar;C:\Users\Administrator\.hudson\tools\ANT_1.7.1\lib\com.ibm.team.filesystem.common.nl1_3.0.1.v201105261448.jar;C:\Users\Administrator\.hudson\tools\ANT_1.7.1\lib\com.ibm.team.filesystem.common.nl2_3.0.1.v201105261448.jar;C:\Users\Administrator\.hudson\tools\ANT_1.7.1\lib\com.ibm.team.filesystem.common.workitems.nl1_3.0.1.v201105261448.jar;C:\Users\Administrator\.hudson\tools\ANT_1.7.1\lib\com.ibm.team.filesystem.common.workitems.nl2_3.0.1.v201105261448.jar;C:\Users\Administrator\.hudson\tools\ANT_1.7.1\lib\com.ibm.team.filesystem.common.workitems_3.0.1.v20110602_1036.jar;C:\Users\Administrator\.hudson\tools\ANT_1.7.1\lib\com.ibm.team.filesystem.common_3.0.1.v20110602_1036.jar;C:\Users\Administrator\.hudson\tools\ANT_1.7.1\lib\com.ibm.team.filesystem.rcp.core.jar;C:\Users\Administrator\.hudson\tools\ANT_1.7.1\lib\com.ibm.team.foundation.client.nl1_1.1.0.v201105261431.jar;C:\Users\Administrator\.hudson\tools\ANT_1.7.1\lib\com.ibm.team.foundation.client.nl2_1.1.0.v201105261431.jar;C:\Users\Administrator\.hudson\tools\ANT_1.7.1\lib\com.ibm.team.foundation.client_1.1.1.v20110524_1821.jar;C:\Users\Administrator\.hudson\tools\ANT_1.7.1\lib\com.ibm.team.foundation.common.nl1_1.1.0.v201105261431.jar;C:\Users\Administrator\.hudson\tools\ANT_1.7.1\lib\com.ibm.team.foundation.common.nl2_1.1.0.v201105261431.jar;C:\Users\Administrator\.hudson\tools\ANT_1.7.1\lib\com.ibm.team.foundation.common_1.1.1.v20110524_1821.jar;C:\Users\Administrator\.hudson\tools\ANT_1.7.1\lib\com.ibm.team.process.client.nl1_1.2.0.v201105261431.jar;C:\Users\Administrator\.hudson\tools\ANT_1.7.1\lib\com.ibm.team.process.client.nl2_1.2.0.v201105261431.jar;C:\Users\Administrator\.hudson\tools\ANT_1.7.1\lib\com.ibm.team.process.client_1.2.1.v20110524_1821.jar;C:\Users\Administrator\.hudson\tools\ANT_1.7.1\lib\com.ibm.team.process.common.nl1_1.2.0.v201105261431.jar;C:\Users\Administrator\.hudson\tools\ANT_1.7.1\lib\com.ibm.team.process.common.nl2_1.2.0.v201105261431.jar;C:\Users\Administrator\.hudson\tools\ANT_1.7.1\lib\com.ibm.team.process.common_1.2.1.v20110524_1821.jar;C:\Users\Administrator\.hudson\tools\ANT_1.7.1\lib\com.ibm.team.repository.client.nl1_1.1.0.v201105261431.jar;C:\Users\Administrator\.hudson\tools\ANT_1.7.1\lib\com.ibm.team.repository.client.nl2_1.1.0.v201105261431.jar;C:\Users\Administrator\.hudson\tools\ANT_1.7.1\lib\com.ibm.team.repository.client_1.1.1.v20110524_1821.jar;C:\Users\Administrator\.hudson\tools\ANT_1.7.1\lib\com.ibm.team.repository.common.json.nl1_1.1.0.v201105261431.jar;C:\Users\Administrator\.hudson\tools\ANT_1.7.1\lib\com.ibm.team.repository.common.json.nl2_1.1.0.v201105261431.jar;C:\Users\Administrator\.hudson\tools\ANT_1.7.1\lib\com.ibm.team.repository.common.json_1.1.1.v20110524_1821.jar;C:\Users\Administrator\.hudson\tools\ANT_1.7.1\lib\com.ibm.team.repository.common.nl1_1.1.0.v201105261431.jar;C:\Users\Administrator\.hudson\tools\ANT_1.7.1\lib\com.ibm.team.repository.common.nl2_1.1.0.v201105261431.jar;C:\Users\Administrator\.hudson\tools\ANT_1.7.1\lib\com.ibm.team.repository.common.remoteaccess.auth.nl1_1.1.0.v201105261431.jar;C:\Users\Administrator\.hudson\tools\ANT_1.7.1\lib\com.ibm.team.repository.common.remoteaccess.auth.nl2_1.1.0.v201105261431.jar;C:\Users\Administrator\.hudson\tools\ANT_1.7.1\lib\com.ibm.team.repository.common.remoteaccess.auth_1.1.1.v20110524_1821.jar;C:\Users\Administrator\.hudson\tools\ANT_1.7.1\lib\com.ibm.team.repository.common.remoteaccess.nl1_1.1.0.v201105261431.jar;C:\Users\Administrator\.hudson\tools\ANT_1.7.1\lib\com.ibm.team.repository.common.remoteaccess.nl2_1.1.0.v201105261431.jar;C:\Users\Administrator\.hudson\tools\ANT_1.7.1\lib\com.ibm.team.repository.common.remoteaccess_1.1.1.v20110524_1821.jar;C:\Users\Administrator\.hudson\tools\ANT_1.7.1\lib\com.ibm.team.repository.common.serialize.nl1_1.1.0.v201105261431.jar;C:\Users\Administrator\.hudson\tools\ANT_1.7.1\lib\com.ibm.team.repository.common.serialize.nl2_1.1.0.v201105261431.jar;C:\Users\Administrator\.hudson\tools\ANT_1.7.1\lib\com.ibm.team.repository.common.serialize_1.1.1.v20110524_1821.jar;C:\Users\Administrator\.hudson\tools\ANT_1.7.1\lib\com.ibm.team.repository.common.transport.nl1_1.1.0.v201105261431.jar;C:\Users\Administrator\.hudson\tools\ANT_1.7.1\lib\com.ibm.team.repository.common.transport.nl2_1.1.0.v201105261431.jar;C:\Users\Administrator\.hudson\tools\ANT_1.7.1\lib\com.ibm.team.repository.common.transport_1.1.1.v20110524_1821.jar;C:\Users\Administrator\.hudson\tools\ANT_1.7.1\lib\com.ibm.team.repository.common_1.1.1.v20110524_1821.jar;C:\Users\Administrator\.hudson\tools\ANT_1.7.1\lib\com.ibm.team.repository.rcp.common.nl1_3.0.1.v201105261448.jar;C:\Users\Administrator\.hudson\tools\ANT_1.7.1\lib\com.ibm.team.repository.rcp.common.nl2_3.0.1.v201105261448.jar;C:\Users\Administrator\.hudson\tools\ANT_1.7.1\lib\com.ibm.team.repository.rcp.common_3.0.1.v20110602_1036.jar;C:\Users\Administrator\.hudson\tools\ANT_1.7.1\lib\com.ibm.team.repository.rcp.core.nl1_3.0.1.v201105261448.jar;C:\Users\Administrator\.hudson\tools\ANT_1.7.1\lib\com.ibm.team.repository.rcp.core_3.0.1.v20110602_1036.jar;C:\Users\Administrator\.hudson\tools\ANT_1.7.1\lib\com.ibm.team.rtc.common_3.0.1.v20110602_1036.jar;C:\Users\Administrator\.hudson\tools\ANT_1.7.1\lib\com.ibm.team.scm.client.nl1_3.0.1.v201105261448.jar;C:\Users\Administrator\.hudson\tools\ANT_1.7.1\lib\com.ibm.team.scm.client.nl2_3.0.1.v201105261448.jar;C:\Users\Administrator\.hudson\tools\ANT_1.7.1\lib\com.ibm.team.scm.client_3.0.1.v20110602_1036.jar;C:\Users\Administrator\.hudson\tools\ANT_1.7.1\lib\com.ibm.team.scm.common.nl1_3.0.1.v201105261448.jar;C:\Users\Administrator\.hudson\tools\ANT_1.7.1\lib\com.ibm.team.scm.common.nl2_3.0.1.v201105261448.jar;C:\Users\Administrator\.hudson\tools\ANT_1.7.1\lib\com.ibm.team.scm.common_3.0.1.v20110602_1036.jar;C:\Users\Administrator\.hudson\tools\ANT_1.7.1\lib\com.ibm.team.workitem.client.nl1_3.0.1.v201105261448.jar;C:\Users\Administrator\.hudson\tools\ANT_1.7.1\lib\com.ibm.team.workitem.client.nl2_3.0.1.v201105261448.jar;C:\Users\Administrator\.hudson\tools\ANT_1.7.1\lib\com.ibm.team.workitem.client_3.0.1.v20110602_1036.jar;C:\Users\Administrator\.hudson\tools\ANT_1.7.1\lib\com.ibm.team.workitem.common.nl1_3.0.1.v201105261448.jar;C:\Users\Administrator\.hudson\tools\ANT_1.7.1\lib\com.ibm.team.workitem.common.nl2_3.0.1.v201105261448.jar;C:\Users\Administrator\.hudson\tools\ANT_1.7.1\lib\com.ibm.team.workitem.common_3.0.1.v20110602_1036.jar;C:\Users\Administrator\.hudson\tools\ANT_1.7.1\lib\commons-codec-1.4.jar;C:\Users\Administrator\.hudson\tools\ANT_1.7.1\lib\commons-discovery-0.2.jar;C:\Users\Administrator\.hudson\tools\ANT_1.7.1\lib\commons-httpclient-3.1.jar;C:\Users\Administrator\.hudson\tools\ANT_1.7.1\lib\commons-io-1.2.jar;C:\Users\Administrator\.hudson\tools\ANT_1.7.1\lib\commons-logging-1.1.1.jar;C:\Users\Administrator\.hudson\tools\ANT_1.7.1\lib\concurrent-jena-1.3.2.jar;C:\Users\Administrator\.hudson\tools\ANT_1.7.1\lib\httpclient-4.1.2.jar;C:\Users\Administrator\.hudson\tools\ANT_1.7.1\lib\httpcore-4.1.2.jar;C:\Users\Administrator\.hudson\tools\ANT_1.7.1\lib\httpcore-nio-4.0.1.jar;C:\Users\Administrator\.hudson\tools\ANT_1.7.1\lib\httpmime-4.0.1.jar;C:\Users\Administrator\.hudson\tools\ANT_1.7.1\lib\icu4j-3.4.4.jar;C:\Users\Administrator\.hudson\tools\ANT_1.7.1\lib\iri-0.5.jar;C:\Users\Administrator\.hudson\tools\ANT_1.7.1\lib\iri-0.8.jar;C:\Users\Administrator\.hudson\tools\ANT_1.7.1\lib\javax.servlet_2.5.0.v200806031605.jar;C:\Users\Administrator\.hudson\tools\ANT_1.7.1\lib\jaxb-api.jar;C:\Users\Administrator\.hudson\tools\ANT_1.7.1\lib\jaxb-impl.jar;C:\Users\Administrator\.hudson\tools\ANT_1.7.1\lib\jaxen-1.1.1.jar;C:\Users\Administrator\.hudson\tools\ANT_1.7.1\lib\jaxrpc.jar;C:\Users\Administrator\.hudson\tools\ANT_1.7.1\lib\jdom-1.0.jar;C:\Users\Administrator\.hudson\tools\ANT_1.7.1\lib\jena-2.5.7.jar;C:\Users\Administrator\.hudson\tools\ANT_1.7.1\lib\jena-2.6.3-patched.jar;C:\Users\Administrator\.hudson\tools\ANT_1.7.1\lib\json-jena-1.0.jar;C:\Users\Administrator\.hudson\tools\ANT_1.7.1\lib\jsr173_1.0_api.jar;C:\Users\Administrator\.hudson\tools\ANT_1.7.1\lib\log4j-1.2.15.jar;C:\Users\Administrator\.hudson\tools\ANT_1.7.1\lib\lucene-core-2.3.1.jar;C:\Users\Administrator\.hudson\tools\ANT_1.7.1\lib\net.oauth.nl1_0.1.20081127.v201105261431.jar;C:\Users\Administrator\.hudson\tools\ANT_1.7.1\lib\net.oauth.nl2_0.1.20081127.v201105261431.jar;C:\Users\Administrator\.hudson\tools\ANT_1.7.1\lib\net.oauth_0.1.20081127.v20101110_2242.jar;C:\Users\Administrator\.hudson\tools\ANT_1.7.1\lib\oauth-20090617.jar;C:\Users\Administrator\.hudson\tools\ANT_1.7.1\lib\oauth-consumer-20090617.jar;C:\Users\Administrator\.hudson\tools\ANT_1.7.1\lib\oauth-httpclient3-20090617.jar;C:\Users\Administrator\.hudson\tools\ANT_1.7.1\lib\org.apache.commons.codec_1.3.0.v20080530-1600.jar;C:\Users\Administrator\.hudson\tools\ANT_1.7.1\lib\org.apache.commons.httpclient_3.1.0.v20080605-1935.jar;C:\Users\Administrator\.hudson\tools\ANT_1.7.1\lib\org.apache.commons.logging_1.0.4.v200904062259.jar;C:\Users\Administrator\.hudson\tools\ANT_1.7.1\lib\org.apache.log4j_1.2.13.v200903072027.jar;C:\Users\Administrator\.hudson\tools\ANT_1.7.1\lib\org.eclipse.core.databinding.nl1_1.2.0.v201002231411.jar;C:\Users\Administrator\.hudson\tools\ANT_1.7.1\lib\org.eclipse.core.databinding.nl2_1.2.0.v201002231411.jar;C:\Users\Administrator\.hudson\tools\ANT_1.7.1\lib\org.eclipse.core.databinding.observable.nl1_1.2.0.v201002231411.jar;C:\Users\Administrator\.hudson\tools\ANT_1.7.1\lib\org.eclipse.core.databinding.observable.nl2_1.2.0.v201002231411.jar;C:\Users\Administrator\.hudson\tools\ANT_1.7.1\lib\org.eclipse.core.databinding.observable_1.2.0.M20090902-0800.jar;C:\Users\Administrator\.hudson\tools\ANT_1.7.1\lib\org.eclipse.core.databinding.property.nl1_1.2.0.v201002231411.jar;C:\Users\Administrator\.hudson\tools\ANT_1.7.1\lib\org.eclipse.core.databinding.property.nl2_1.2.0.v201002231411.jar;C:\Users\Administrator\.hudson\tools\ANT_1.7.1\lib\org.eclipse.core.databinding.property_1.2.0.M20090819-0800.jar;C:\Users\Administrator\.hudson\tools\ANT_1.7.1\lib\org.eclipse.core.databinding_1.2.0.M20090819-0800.jar;C:\Users\Administrator\.hudson\tools\ANT_1.7.1\lib\org.eclipse.core.filesystem.nl1_1.2.1.v201002231411.jar;C:\Users\Administrator\.hudson\tools\ANT_1.7.1\lib\org.eclipse.core.filesystem.nl2_1.2.1.v201002231411.jar;C:\Users\Administrator\.hudson\tools\ANT_1.7.1\lib\org.eclipse.core.filesystem_1.2.2.R35x_v20100928-0452.jar;C:\Users\Administrator\.hudson\tools\ANT_1.7.1\lib\org.eclipse.core.jobs.nl1_3.4.100.v201002231411.jar;C:\Users\Administrator\.hudson\tools\ANT_1.7.1\lib\org.eclipse.core.jobs.nl2_3.4.100.v201002231411.jar;C:\Users\Administrator\.hudson\tools\ANT_1.7.1\lib\org.eclipse.core.jobs_3.4.100.v20090429-1800.jar;C:\Users\Administrator\.hudson\tools\ANT_1.7.1\lib\org.eclipse.core.resources.nl1_3.5.2.v201002231411.jar;C:\Users\Administrator\.hudson\tools\ANT_1.7.1\lib\org.eclipse.core.resources.nl2_3.5.2.v201002231411.jar;C:\Users\Administrator\.hudson\tools\ANT_1.7.1\lib\org.eclipse.core.resources_3.5.3.R35x_v20100928-0452.jar;C:\Users\Administrator\.hudson\tools\ANT_1.7.1\lib\org.eclipse.core.runtime.nl1_3.5.0.v201002231411.jar;C:\Users\Administrator\.hudson\tools\ANT_1.7.1\lib\org.eclipse.core.runtime.nl2_3.5.0.v201002231411.jar;C:\Users\Administrator\.hudson\tools\ANT_1.7.1\lib\org.eclipse.core.runtime_3.5.0.v20090525.jar;C:\Users\Administrator\.hudson\tools\ANT_1.7.1\lib\org.eclipse.emf.common.nl1_2.5.0.v200909250024.jar;C:\Users\Administrator\.hudson\tools\ANT_1.7.1\lib\org.eclipse.emf.common.nl2_2.5.0.v200909250024.jar;C:\Users\Administrator\.hudson\tools\ANT_1.7.1\lib\org.eclipse.emf.common_2.4.0.v200902171115.jar;C:\Users\Administrator\.hudson\tools\ANT_1.7.1\lib\org.eclipse.emf.common_2.5.0.v200906151043.jar;C:\Users\Administrator\.hudson\tools\ANT_1.7.1\lib\org.eclipse.emf.ecore.nl1_2.5.0.v200909250024.jar;C:\Users\Administrator\.hudson\tools\ANT_1.7.1\lib\org.eclipse.emf.ecore.nl2_2.5.0.v200909250024.jar;C:\Users\Administrator\.hudson\tools\ANT_1.7.1\lib\org.eclipse.emf.ecore.xmi.nl1_2.5.0.v200909250024.jar;C:\Users\Administrator\.hudson\tools\ANT_1.7.1\lib\org.eclipse.emf.ecore.xmi.nl2_2.5.0.v200909250024.jar;C:\Users\Administrator\.hudson\tools\ANT_1.7.1\lib\org.eclipse.emf.ecore.xmi_2.4.1.v200902171115.jar;C:\Users\Administrator\.hudson\tools\ANT_1.7.1\lib\org.eclipse.emf.ecore.xmi_2.5.0.v200906151043.jar;C:\Users\Administrator\.hudson\tools\ANT_1.7.1\lib\org.eclipse.emf.ecore_2.4.2.v200902171115.jar;C:\Users\Administrator\.hudson\tools\ANT_1.7.1\lib\org.eclipse.emf.ecore_2.5.0.v200906151043.jar;C:\Users\Administrator\.hudson\tools\ANT_1.7.1\lib\org.eclipse.equinox.common.nl1_3.5.1.v201002231411.jar;C:\Users\Administrator\.hudson\tools\ANT_1.7.1\lib\org.eclipse.equinox.common.nl2_3.5.1.v201002231411.jar;C:\Users\Administrator\.hudson\tools\ANT_1.7.1\lib\org.eclipse.equinox.common_3.5.1.R35x_v20090807-1100.jar;C:\Users\Administrator\.hudson\tools\ANT_1.7.1\lib\org.eclipse.equinox.preferences.nl1_3.2.301.v201002231411.jar;C:\Users\Administrator\.hudson\tools\ANT_1.7.1\lib\org.eclipse.equinox.preferences.nl2_3.2.301.v201002231411.jar;C:\Users\Administrator\.hudson\tools\ANT_1.7.1\lib\org.eclipse.equinox.preferences_3.2.301.R35x_v20091117.jar;C:\Users\Administrator\.hudson\tools\ANT_1.7.1\lib\org.eclipse.equinox.registry.nl1_3.4.100.v201002231411.jar;C:\Users\Administrator\.hudson\tools\ANT_1.7.1\lib\org.eclipse.equinox.registry.nl2_3.4.100.v201002231411.jar;C:\Users\Administrator\.hudson\tools\ANT_1.7.1\lib\org.eclipse.equinox.registry_3.4.100.v20090520-1800.jar;C:\Users\Administrator\.hudson\tools\ANT_1.7.1\lib\org.eclipse.osgi.nl1_3.5.2.v201002231411.jar;C:\Users\Administrator\.hudson\tools\ANT_1.7.1\lib\org.eclipse.osgi.nl2_3.5.2.v201002231411.jar;C:\Users\Administrator\.hudson\tools\ANT_1.7.1\lib\org.eclipse.osgi_3.4.3.R34x_v20081215-1030.jar;C:\Users\Administrator\.hudson\tools\ANT_1.7.1\lib\org.eclipse.osgi_3.5.2.R35x_v20100126.jar;C:\Users\Administrator\.hudson\tools\ANT_1.7.1\lib\org.eclipse.team.core.nl1_3.5.1.v201002231411.jar;C:\Users\Administrator\.hudson\tools\ANT_1.7.1\lib\org.eclipse.team.core.nl2_3.5.1.v201002231411.jar;C:\Users\Administrator\.hudson\tools\ANT_1.7.1\lib\org.eclipse.team.core_3.5.1.r35x_20100113-0800.jar;C:\Users\Administrator\.hudson\tools\ANT_1.7.1\lib\ramclient-ant.jar;C:\Users\Administrator\.hudson\tools\ANT_1.7.1\lib\ramclient.jar;C:\Users\Administrator\.hudson\tools\ANT_1.7.1\lib\saaj.jar;C:\Users\Administrator\.hudson\tools\ANT_1.7.1\lib\slf4j-api-1.5.10.jar;C:\Users\Administrator\.hudson\tools\ANT_1.7.1\lib\slf4j-log4j12-1.5.8.jar;C:\Users\Administrator\.hudson\tools\ANT_1.7.1\lib\slf4j-simple-1.5.10.jar;C:\Users\Administrator\.hudson\tools\ANT_1.7.1\lib\stax-api-1.0.jar;C:\Users\Administrator\.hudson\tools\ANT_1.7.1\lib\wink-json4j-1.1.2-incubating.jar;C:\Users\Administrator\.hudson\tools\ANT_1.7.1\lib\wsdl4j-1.5.1.jar;C:\Users\Administrator\.hudson\tools\ANT_1.7.1\lib\wstx-asl-3.0.0.jar;C:\Users\Administrator\.hudson\tools\ANT_1.7.1\lib\xercesImpl-2.7.1.jar;C:\Users\Administrator\.hudson\tools\ANT_1.7.1\lib\xml-apis.jar;C:\Users\Administrator\.hudson\tools\ANT_1.7.1\lib\xmlParserAPIs-2.0.2.jar;C:\PROGRA~1\Java\jdk1.6.0_26\lib\tools.jar" />
    <property name="env.EXECUTOR_NUMBER" value="1" />
    <property name="env.ANT_OPTS" value="-Dprops=C:/HudsonScripts/org.eclipse.lyo.testsuite.server/config/jira/setup.properties" />
    <property name="java.vm.specification.name" value="Java Virtual Machine Specification" />
    <property name="env.windir" value="C:\Windows" />
    <property name="env.PROCESSOR_ARCHITECTURE" value="AMD64" />
    <property name="java.vm.specification.version" value="1.0" />
    <property name="sun.os.patch.level" value="Service Pack 1" />
    <property name="sun.cpu.endian" value="little" />
    <property name="debuglevel" value="source,lines,vars" />
    <property name="env.ANT_HOME" value="C:\Users\Administrator\.hudson\tools\ANT_1.7.1" />
    <property name="env.ProgramFiles" value="C:\Program Files" />
    <property name="java.io.tmpdir" value="C:\Users\ADMINI~1\AppData\Local\Temp\" />
    <property name="env.PROCESSOR_REVISION" value="0f06" />
    <property name="env.CommonProgramFiles(x86)" value="C:\Program Files (x86)\Common Files" />
    <property name="top" value="C:/Users/Administrator" />
    <property name="java.vendor.url.bug" value="http://java.sun.com/cgi-bin/bugreport.cgi" />
    <property name="env.SystemRoot" value="C:\Windows" />
    <property name="java.awt.graphicsenv" value="sun.awt.Win32GraphicsEnvironment" />
    <property name="os.arch" value="amd64" />
    <property name="env.ANT_CMD_LINE_ARGS" value="-file jira-compliance-test.xml provider-test" />
    <property name="java.ext.dirs" value="C:\PROGRA~1\Java\jdk1.6.0_26\jre\lib\ext;C:\Windows\Sun\Java\lib\ext" />
    <property name="env.BUILD_ID" value="2011-11-29_11-41-03" />
    <property name="user.dir" value="C:\HudsonScripts\org.eclipse.lyo.testsuite.server\compliance\jira" />
    <property name="env.LOCALAPPDATA" value="C:\Users\Administrator\AppData\Local" />
    <property name="line.separator" value="
" />
    <property name="java.vm.name" value="Java HotSpot(TM) 64-Bit Server VM" />
    <property name="env.PATHEXT" value=".COM;.EXE;.BAT;.CMD;.VBS;.VBE;.JS;.JSE;.WSF;.WSH;.MSC" />
    <property name="env.Path" value="C:\PROGRA~1\Java\jdk1.6.0_26/bin;C:\Windows\system32;C:\Windows;C:\Windows\System32\Wbem;C:\Windows\System32\WindowsPowerShell\v1.0\;C:\atlassian-plugin-sdk-3.3.4\bin;C:\maven303\bin;C:\goodies;C:\Program Files (x86)\Microsoft SQL Server\100\Tools\Binn\;C:\Program Files\Microsoft SQL Server\100\Tools\Binn\;C:\Program Files\Microsoft SQL Server\100\DTS\Binn\;C:\Program Files (x86)\Microsoft SQL Server\100\Tools\Binn\VSShell\Common7\IDE\;C:\Program Files (x86)\Microsoft SQL Server\100\DTS\Binn\" />
    <property name="basedir" value="C:\HudsonScripts\org.eclipse.lyo.testsuite.server\compliance\jira" />
    <property name="ant.java.version" value="1.6" />
    <property name="ant.core.lib" value="C:\Users\Administrator\.hudson\tools\ANT_1.7.1\lib\ant.jar" />
    <property name="env.USERNAME" value="Administrator" />
    <property name="source" value="1.6" />
    <property name="env.SystemDrive" value="C:" />
    <property name="file.encoding" value="Cp1252" />
    <property name="env.WORKSPACE" value="C:\HudsonScripts" />
    <property name="env.USERDOMAIN" value="GEARBOXSV1" />
    <property name="java.specification.version" value="1.6" />
    <property name="env.PROCESSOR_LEVEL" value="6" />
    <property name="env.NODE_LABELS" value="master" />
  </properties>
  <testcase classname="org.eclipse.lyo.testsuite.server.oslcv2tests.SimplifiedQueryXmlTests" name="validEqualsQueryContainsExpectedResource[0]" time="0.064" />
  <testcase classname="org.eclipse.lyo.testsuite.server.oslcv2tests.SimplifiedQueryXmlTests" name="validNotEqualQueryContainsExpectedResource[0]" time="0.017" />
  <testcase classname="org.eclipse.lyo.testsuite.server.oslcv2tests.SimplifiedQueryXmlTests" name="validLessThanQueryContainsExpectedResources[0]" time="0.017" />
  <testcase classname="org.eclipse.lyo.testsuite.server.oslcv2tests.SimplifiedQueryXmlTests" name="validGreaterThanQueryContainsExpectedDefects[0]" time="0.053" />
  <testcase classname="org.eclipse.lyo.testsuite.server.oslcv2tests.SimplifiedQueryXmlTests" name="validCompoundQueryContainsExpectedResource[0]" time="0.058" />
  <testcase classname="org.eclipse.lyo.testsuite.server.oslcv2tests.SimplifiedQueryXmlTests" name="fullTextSearchContainsExpectedResults[0]" time="0.025" />
  <system-out><![CDATA[]]></system-out>
  <system-err><![CDATA[]]></system-err>
</testsuite>
